#! /usr/bin/vvp
:ivl_version "12.0 (stable)";
:ivl_delay_selection "TYPICAL";
:vpi_time_precision - 12;
:vpi_module "/usr/lib/x86_64-linux-gnu/ivl/system.vpi";
:vpi_module "/usr/lib/x86_64-linux-gnu/ivl/vhdl_sys.vpi";
:vpi_module "/usr/lib/x86_64-linux-gnu/ivl/vhdl_textio.vpi";
:vpi_module "/usr/lib/x86_64-linux-gnu/ivl/v2005_math.vpi";
:vpi_module "/usr/lib/x86_64-linux-gnu/ivl/va_math.vpi";
S_0x5638e9c7bd00 .scope module, "TESTBENCH" "TESTBENCH" 2 9;
 .timescale -9 -12;
v0x5638e9cbc070_0 .net "RAM_D", 7 0, v0x5638e9cbb310_0;  1 drivers
v0x5638e9cbc1a0_0 .net "RAM_addr", 17 0, v0x5638e9cbb3d0_0;  1 drivers
v0x5638e9cbc2b0_0 .net "RAM_valid", 0 0, v0x5638e9cbb4a0_0;  1 drivers
v0x5638e9cbc3a0_0 .net "ROM_Q", 7 0, v0x5638e9cba750_0;  1 drivers
v0x5638e9cbc490_0 .net "ROM_addr", 17 0, v0x5638e9cbb670_0;  1 drivers
v0x5638e9cbc5f0_0 .net "ROM_valid", 0 0, v0x5638e9cbb760_0;  1 drivers
v0x5638e9cbc6e0 .array "bmp_data", 196661 0, 7 0;
v0x5638e9cbc7a0_0 .var "clk", 0 0;
v0x5638e9cbc840_0 .net "done", 0 0, v0x5638e9cbb9c0_0;  1 drivers
v0x5638e9cbc8e0_0 .var/i "i", 31 0;
v0x5638e9cbc9a0_0 .var "in_valid", 0 0;
v0x5638e9cbca40_0 .var/i "input_bmp_id", 31 0;
v0x5638e9cbcb00_0 .var/i "k", 31 0;
v0x5638e9cbcbe0_0 .var/i "output_bmp_id", 31 0;
v0x5638e9cbccc0_0 .var "rst_n", 0 0;
v0x5638e9cbcd60_0 .var/i "txt_bmp_id", 31 0;
E_0x5638e9c8d4b0 .event posedge, v0x5638e9cbb9c0_0;
S_0x5638e9c8a080 .scope module, "BMP_RAM1" "BMP_RAM" 2 85, 3 3 0, S_0x5638e9c7bd00;
 .timescale -9 -12;
    .port_info 0 /INPUT 1 "clk";
    .port_info 1 /INPUT 1 "RAM_valid";
    .port_info 2 /INPUT 18 "RAM_addr";
    .port_info 3 /INPUT 8 "RAM_D";
v0x5638e9c738d0_0 .net "RAM_D", 7 0, v0x5638e9cbb310_0;  alias, 1 drivers
v0x5638e9c73970_0 .net "RAM_addr", 17 0, v0x5638e9cbb3d0_0;  alias, 1 drivers
v0x5638e9c78a60_0 .net "RAM_valid", 0 0, v0x5638e9cbb4a0_0;  alias, 1 drivers
v0x5638e9c78b00_0 .net "clk", 0 0, v0x5638e9cbc7a0_0;  1 drivers
v0x5638e9c7ab00_0 .var/i "i", 31 0;
v0x5638e9cba3f0 .array "ram_data", 196662 0, 7 0;
E_0x5638e9c8ded0 .event posedge, v0x5638e9c78b00_0;
S_0x5638e9cba530 .scope module, "BMP_ROM1" "BMP_ROM" 2 77, 4 3 0, S_0x5638e9c7bd00;
 .timescale -9 -12;
    .port_info 0 /INPUT 1 "clk";
    .port_info 1 /INPUT 1 "rst_n";
    .port_info 2 /INPUT 1 "ROM_valid";
    .port_info 3 /INPUT 18 "ROM_addr";
    .port_info 4 /OUTPUT 8 "ROM_Q";
v0x5638e9cba750_0 .var "ROM_Q", 7 0;
v0x5638e9cba850_0 .net "ROM_addr", 17 0, v0x5638e9cbb670_0;  alias, 1 drivers
v0x5638e9cba930_0 .net "ROM_valid", 0 0, v0x5638e9cbb760_0;  alias, 1 drivers
v0x5638e9cba9d0_0 .net "clk", 0 0, v0x5638e9cbc7a0_0;  alias, 1 drivers
v0x5638e9cbaa70 .array "rom_data", 196662 0, 7 0;
v0x5638e9cbab60_0 .net "rst_n", 0 0, v0x5638e9cbccc0_0;  1 drivers
E_0x5638e9c8e4b0 .event negedge, v0x5638e9cbab60_0;
S_0x5638e9cbacc0 .scope module, "LOAD_BMP1" "LOAD_BMP" 2 64, 5 3 0, S_0x5638e9c7bd00;
 .timescale -9 -12;
    .port_info 0 /INPUT 1 "clk";
    .port_info 1 /INPUT 1 "rst_n";
    .port_info 2 /INPUT 1 "in_valid";
    .port_info 3 /INPUT 8 "ROM_Q";
    .port_info 4 /OUTPUT 1 "ROM_valid";
    .port_info 5 /OUTPUT 18 "ROM_addr";
    .port_info 6 /OUTPUT 1 "RAM_valid";
    .port_info 7 /OUTPUT 8 "RAM_D";
    .port_info 8 /OUTPUT 18 "RAM_addr";
    .port_info 9 /OUTPUT 1 "done";
P_0x5638e9cbaea0 .param/l "IDLE" 0 5 33, C4<00>;
P_0x5638e9cbaee0 .param/l "READ" 0 5 34, C4<01>;
P_0x5638e9cbaf20 .param/l "WRITE" 0 5 35, C4<10>;
v0x5638e9cbb310_0 .var "RAM_D", 7 0;
v0x5638e9cbb3d0_0 .var "RAM_addr", 17 0;
v0x5638e9cbb4a0_0 .var "RAM_valid", 0 0;
v0x5638e9cbb5a0_0 .net "ROM_Q", 7 0, v0x5638e9cba750_0;  alias, 1 drivers
v0x5638e9cbb670_0 .var "ROM_addr", 17 0;
v0x5638e9cbb760_0 .var "ROM_valid", 0 0;
v0x5638e9cbb830_0 .var "bmp_data_buf", 7 0;
v0x5638e9cbb8d0_0 .net "clk", 0 0, v0x5638e9cbc7a0_0;  alias, 1 drivers
v0x5638e9cbb9c0_0 .var "done", 0 0;
v0x5638e9cbba60_0 .net "in_valid", 0 0, v0x5638e9cbc9a0_0;  1 drivers
v0x5638e9cbbb00_0 .var "next_state", 1 0;
v0x5638e9cbbbe0_0 .net "rst_n", 0 0, v0x5638e9cbccc0_0;  alias, 1 drivers
v0x5638e9cbbc80_0 .var "state", 1 0;
E_0x5638e9c6b250 .event anyedge, v0x5638e9c73970_0, v0x5638e9cbbc80_0;
E_0x5638e9c9bc10/0 .event negedge, v0x5638e9cbab60_0;
E_0x5638e9c9bc10/1 .event posedge, v0x5638e9c78b00_0;
E_0x5638e9c9bc10 .event/or E_0x5638e9c9bc10/0, E_0x5638e9c9bc10/1;
E_0x5638e9c9bbd0 .event anyedge, v0x5638e9cbbc80_0, v0x5638e9cba750_0, v0x5638e9cbb830_0;
E_0x5638e9cbb220 .event anyedge, v0x5638e9cbbc80_0;
E_0x5638e9cbb2b0 .event anyedge, v0x5638e9cbbc80_0, v0x5638e9cbba60_0;
S_0x5638e9cbbee0 .scope task, "display_fail" "display_fail" 2 103, 2 103 0, S_0x5638e9c7bd00;
 .timescale -9 -12;
TD_TESTBENCH.display_fail ;
    %vpi_call 2 104 "$display", "\033[0;31m        ----------------------------               \033[m" {0 0 0};
    %vpi_call 2 105 "$display", "\033[0;31m        --                        --       |\134__|\134\033[m" {0 0 0};
    %vpi_call 2 106 "$display", "\033[0;31m        --  OOPS!!                --      / X,X  | \033[m" {0 0 0};
    %vpi_call 2 107 "$display", "\033[0;31m        --                        --    /_____   | \033[m" {0 0 0};
    %vpi_call 2 108 "$display", "\033[0;31m        --  Simulation FAIL!!     --   /^ ^ ^ \134  |\033[m" {0 0 0};
    %vpi_call 2 109 "$display", "\033[0;31m        --                        --  |^ ^ ^ ^ |w| \033[m" {0 0 0};
    %vpi_call 2 110 "$display", "\033[0;31m        ----------------------------   \134m___m__|_|\033[m" {0 0 0};
    %vpi_call 2 111 "$finish" {0 0 0};
    %end;
    .scope S_0x5638e9cbacc0;
T_1 ;
    %wait E_0x5638e9c9bc10;
    %load/vec4 v0x5638e9cbbbe0_0;
    %nor/r;
    %flag_set/vec4 8;
    %jmp/0xz  T_1.0, 8;
    %pushi/vec4 0, 0, 2;
    %assign/vec4 v0x5638e9cbbc80_0, 0;
    %jmp T_1.1;
T_1.0 ;
    %load/vec4 v0x5638e9cbbb00_0;
    %assign/vec4 v0x5638e9cbbc80_0, 0;
T_1.1 ;
    %jmp T_1;
    .thread T_1;
    .scope S_0x5638e9cbacc0;
T_2 ;
    %wait E_0x5638e9cbb2b0;
    %load/vec4 v0x5638e9cbbc80_0;
    %dup/vec4;
    %pushi/vec4 0, 0, 2;
    %cmp/u;
    %jmp/1 T_2.1, 6;
    %dup/vec4;
    %pushi/vec4 1, 0, 2;
    %cmp/u;
    %jmp/1 T_2.2, 6;
    %dup/vec4;
    %pushi/vec4 2, 0, 2;
    %cmp/u;
    %jmp/1 T_2.3, 6;
    %pushi/vec4 0, 0, 2;
    %store/vec4 v0x5638e9cbbb00_0, 0, 2;
    %jmp T_2.4;
T_2.1 ;
    %load/vec4 v0x5638e9cbba60_0;
    %flag_set/vec4 8;
    %jmp/0 T_2.5, 8;
    %pushi/vec4 1, 0, 2;
    %jmp/1 T_2.6, 8;
T_2.5 ; End of true expr.
    %pushi/vec4 0, 0, 2;
    %jmp/0 T_2.6, 8;
 ; End of false expr.
    %blend;
T_2.6;
    %store/vec4 v0x5638e9cbbb00_0, 0, 2;
    %jmp T_2.4;
T_2.2 ;
    %pushi/vec4 2, 0, 2;
    %store/vec4 v0x5638e9cbbb00_0, 0, 2;
    %jmp T_2.4;
T_2.3 ;
    %pushi/vec4 0, 0, 2;
    %store/vec4 v0x5638e9cbbb00_0, 0, 2;
    %jmp T_2.4;
T_2.4 ;
    %pop/vec4 1;
    %jmp T_2;
    .thread T_2, $push;
    .scope S_0x5638e9cbacc0;
T_3 ;
    %wait E_0x5638e9cbb220;
    %load/vec4 v0x5638e9cbbc80_0;
    %dup/vec4;
    %pushi/vec4 0, 0, 2;
    %cmp/u;
    %jmp/1 T_3.1, 6;
    %dup/vec4;
    %pushi/vec4 1, 0, 2;
    %cmp/u;
    %jmp/1 T_3.2, 6;
    %dup/vec4;
    %pushi/vec4 2, 0, 2;
    %cmp/u;
    %jmp/1 T_3.3, 6;
    %pushi/vec4 0, 0, 1;
    %store/vec4 v0x5638e9cbb760_0, 0, 1;
    %pushi/vec4 0, 0, 1;
    %store/vec4 v0x5638e9cbb4a0_0, 0, 1;
    %jmp T_3.4;
T_3.1 ;
    %pushi/vec4 0, 0, 1;
    %store/vec4 v0x5638e9cbb760_0, 0, 1;
    %pushi/vec4 0, 0, 1;
    %store/vec4 v0x5638e9cbb4a0_0, 0, 1;
    %jmp T_3.4;
T_3.2 ;
    %pushi/vec4 1, 0, 1;
    %store/vec4 v0x5638e9cbb760_0, 0, 1;
    %pushi/vec4 0, 0, 1;
    %store/vec4 v0x5638e9cbb4a0_0, 0, 1;
    %jmp T_3.4;
T_3.3 ;
    %pushi/vec4 0, 0, 1;
    %store/vec4 v0x5638e9cbb760_0, 0, 1;
    %pushi/vec4 1, 0, 1;
    %store/vec4 v0x5638e9cbb4a0_0, 0, 1;
    %jmp T_3.4;
T_3.4 ;
    %pop/vec4 1;
    %jmp T_3;
    .thread T_3, $push;
    .scope S_0x5638e9cbacc0;
T_4 ;
    %wait E_0x5638e9c9bbd0;
    %load/vec4 v0x5638e9cbbc80_0;
    %dup/vec4;
    %pushi/vec4 1, 0, 2;
    %cmp/u;
    %jmp/1 T_4.0, 6;
    %dup/vec4;
    %pushi/vec4 2, 0, 2;
    %cmp/u;
    %jmp/1 T_4.1, 6;
    %jmp T_4.2;
T_4.0 ;
    %load/vec4 v0x5638e9cbb5a0_0;
    %store/vec4 v0x5638e9cbb830_0, 0, 8;
    %jmp T_4.2;
T_4.1 ;
    %load/vec4 v0x5638e9cbb830_0;
    %store/vec4 v0x5638e9cbb310_0, 0, 8;
    %jmp T_4.2;
T_4.2 ;
    %pop/vec4 1;
    %jmp T_4;
    .thread T_4, $push;
    .scope S_0x5638e9cbacc0;
T_5 ;
    %wait E_0x5638e9c9bc10;
    %load/vec4 v0x5638e9cbbbe0_0;
    %nor/r;
    %flag_set/vec4 8;
    %jmp/0xz  T_5.0, 8;
    %pushi/vec4 0, 0, 18;
    %assign/vec4 v0x5638e9cbb670_0, 0;
    %jmp T_5.1;
T_5.0 ;
    %load/vec4 v0x5638e9cbb760_0;
    %flag_set/vec4 8;
    %jmp/0xz  T_5.2, 8;
    %load/vec4 v0x5638e9cbb670_0;
    %addi 1, 0, 18;
    %assign/vec4 v0x5638e9cbb670_0, 0;
    %jmp T_5.3;
T_5.2 ;
    %load/vec4 v0x5638e9cbb670_0;
    %assign/vec4 v0x5638e9cbb670_0, 0;
T_5.3 ;
T_5.1 ;
    %jmp T_5;
    .thread T_5;
    .scope S_0x5638e9cbacc0;
T_6 ;
    %wait E_0x5638e9c9bc10;
    %load/vec4 v0x5638e9cbbbe0_0;
    %nor/r;
    %flag_set/vec4 8;
    %jmp/0xz  T_6.0, 8;
    %pushi/vec4 0, 0, 18;
    %assign/vec4 v0x5638e9cbb3d0_0, 0;
    %jmp T_6.1;
T_6.0 ;
    %load/vec4 v0x5638e9cbb4a0_0;
    %flag_set/vec4 8;
    %jmp/0xz  T_6.2, 8;
    %load/vec4 v0x5638e9cbb3d0_0;
    %addi 1, 0, 18;
    %assign/vec4 v0x5638e9cbb3d0_0, 0;
    %jmp T_6.3;
T_6.2 ;
    %load/vec4 v0x5638e9cbb3d0_0;
    %assign/vec4 v0x5638e9cbb3d0_0, 0;
T_6.3 ;
T_6.1 ;
    %jmp T_6;
    .thread T_6;
    .scope S_0x5638e9cbacc0;
T_7 ;
    %wait E_0x5638e9c6b250;
    %load/vec4 v0x5638e9cbb3d0_0;
    %pad/u 32;
    %cmpi/e 196662, 0, 32;
    %flag_get/vec4 4;
    %jmp/0 T_7.2, 4;
    %load/vec4 v0x5638e9cbbc80_0;
    %pushi/vec4 0, 0, 2;
    %cmp/e;
    %flag_get/vec4 4;
    %and;
T_7.2;
    %flag_set/vec4 8;
    %jmp/0 T_7.0, 8;
    %pushi/vec4 1, 0, 2;
    %jmp/1 T_7.1, 8;
T_7.0 ; End of true expr.
    %pushi/vec4 0, 0, 2;
    %jmp/0 T_7.1, 8;
 ; End of false expr.
    %blend;
T_7.1;
    %pad/s 1;
    %store/vec4 v0x5638e9cbb9c0_0, 0, 1;
    %jmp T_7;
    .thread T_7, $push;
    .scope S_0x5638e9cba530;
T_8 ;
    %wait E_0x5638e9c8e4b0;
    %vpi_call 4 24 "$readmemh", "./temp_bmp.txt", v0x5638e9cbaa70 {0 0 0};
    %end;
    .thread T_8;
    .scope S_0x5638e9cba530;
T_9 ;
    %wait E_0x5638e9c8ded0;
    %load/vec4 v0x5638e9cba930_0;
    %flag_set/vec4 8;
    %jmp/0xz  T_9.0, 8;
    %load/vec4 v0x5638e9cba850_0;
    %pad/u 19;
    %ix/vec4 4;
    %load/vec4a v0x5638e9cbaa70, 4;
    %assign/vec4 v0x5638e9cba750_0, 0;
T_9.0 ;
    %jmp T_9;
    .thread T_9;
    .scope S_0x5638e9c8a080;
T_10 ;
    %pushi/vec4 0, 0, 32;
    %store/vec4 v0x5638e9c7ab00_0, 0, 32;
T_10.0 ;
    %load/vec4 v0x5638e9c7ab00_0;
    %cmpi/s 196662, 0, 32;
    %jmp/0xz T_10.1, 5;
    %pushi/vec4 0, 0, 8;
    %ix/getv/s 4, v0x5638e9c7ab00_0;
    %store/vec4a v0x5638e9cba3f0, 4, 0;
    %load/vec4 v0x5638e9c7ab00_0;
    %addi 1, 0, 32;
    %store/vec4 v0x5638e9c7ab00_0, 0, 32;
    %jmp T_10.0;
T_10.1 ;
    %end;
    .thread T_10;
    .scope S_0x5638e9c8a080;
T_11 ;
    %wait E_0x5638e9c8ded0;
    %load/vec4 v0x5638e9c78a60_0;
    %flag_set/vec4 8;
    %jmp/0xz  T_11.0, 8;
    %load/vec4 v0x5638e9c738d0_0;
    %load/vec4 v0x5638e9c73970_0;
    %pad/u 19;
    %ix/vec4 3;
    %ix/load 4, 0, 0; Constant delay
    %assign/vec4/a/d v0x5638e9cba3f0, 0, 4;
T_11.0 ;
    %jmp T_11;
    .thread T_11;
    .scope S_0x5638e9c7bd00;
T_12 ;
    %delay 5000, 0;
    %load/vec4 v0x5638e9cbc7a0_0;
    %inv;
    %store/vec4 v0x5638e9cbc7a0_0, 0, 1;
    %jmp T_12;
    .thread T_12;
    .scope S_0x5638e9c7bd00;
T_13 ;
    %vpi_call 2 32 "$dumpfile", "LOAD_BMP.vcd" {0 0 0};
    %vpi_call 2 33 "$dumpvars" {0 0 0};
    %end;
    .thread T_13;
    .scope S_0x5638e9c7bd00;
T_14 ;
    %pushi/vec4 1, 0, 1;
    %store/vec4 v0x5638e9cbccc0_0, 0, 1;
    %pushi/vec4 0, 0, 1;
    %force/vec4 v0x5638e9cbc7a0_0;
    %vpi_call 2 42 "$display", "\033[0;32mImage found!\033[m" {0 0 0};
    %vpi_func 2 43 "$fopen" 32, "../lena256.bmp", "rb" {0 0 0};
    %store/vec4 v0x5638e9cbca40_0, 0, 32;
    %vpi_func 2 44 "$fread" 32, v0x5638e9cbc6e0, v0x5638e9cbca40_0 {0 0 0};
    %store/vec4 v0x5638e9cbcb00_0, 0, 32;
    %vpi_call 2 45 "$fclose", v0x5638e9cbca40_0 {0 0 0};
    %vpi_func 2 48 "$fopen" 32, "./temp_bmp.txt", "w" {0 0 0};
    %store/vec4 v0x5638e9cbcd60_0, 0, 32;
    %pushi/vec4 0, 0, 32;
    %store/vec4 v0x5638e9cbc8e0_0, 0, 32;
T_14.0 ;
    %load/vec4 v0x5638e9cbc8e0_0;
    %cmpi/s 196662, 0, 32;
    %jmp/0xz T_14.1, 5;
    %load/vec4 v0x5638e9cbc8e0_0;
    %addi 1, 0, 32;
    %ix/vec4/s 4;
    %load/vec4a v0x5638e9cbc6e0, 4;
    %load/vec4 v0x5638e9cbc8e0_0;
    %addi 2, 0, 32;
    %ix/vec4/s 4;
    %load/vec4a v0x5638e9cbc6e0, 4;
    %load/vec4 v0x5638e9cbc8e0_0;
    %addi 3, 0, 32;
    %ix/vec4/s 4;
    %load/vec4a v0x5638e9cbc6e0, 4;
    %vpi_call 2 50 "$fwrite", v0x5638e9cbcd60_0, "%h %h %h %h\012", &A<v0x5638e9cbc6e0, v0x5638e9cbc8e0_0 >, S<2,vec4,u8>, S<1,vec4,u8>, S<0,vec4,u8> {3 0 0};
    %load/vec4 v0x5638e9cbc8e0_0;
    %addi 4, 0, 32;
    %store/vec4 v0x5638e9cbc8e0_0, 0, 32;
    %jmp T_14.0;
T_14.1 ;
    %vpi_call 2 51 "$fclose", v0x5638e9cbcd60_0 {0 0 0};
    %delay 500, 0;
    %pushi/vec4 0, 0, 1;
    %store/vec4 v0x5638e9cbccc0_0, 0, 1;
    %delay 3000, 0;
    %release/reg v0x5638e9cbc7a0_0, 0, 1;
    %delay 3000, 0;
    %pushi/vec4 1, 0, 1;
    %store/vec4 v0x5638e9cbccc0_0, 0, 1;
    %pushi/vec4 1, 0, 1;
    %store/vec4 v0x5638e9cbc9a0_0, 0, 1;
    %end;
    .thread T_14;
    .scope S_0x5638e9c7bd00;
T_15 ;
    %wait E_0x5638e9c8d4b0;
    %vpi_call 2 94 "$display", "\033[0;32mOutput BMP Image!\033[m" {0 0 0};
    %vpi_func 2 95 "$fopen" 32, "./output.bmp", "wb" {0 0 0};
    %store/vec4 v0x5638e9cbcbe0_0, 0, 32;
    %pushi/vec4 1, 0, 32;
    %store/vec4 v0x5638e9cbc8e0_0, 0, 32;
T_15.0 ;
    %load/vec4 v0x5638e9cbc8e0_0;
    %cmpi/s 196662, 0, 32;
    %flag_or 5, 4;
    %jmp/0xz T_15.1, 5;
    %load/vec4 v0x5638e9cbc8e0_0;
    %addi 3, 0, 32;
    %ix/vec4/s 4;
    %load/vec4a v0x5638e9cba3f0, 4;
    %load/vec4 v0x5638e9cbc8e0_0;
    %addi 2, 0, 32;
    %ix/vec4/s 4;
    %load/vec4a v0x5638e9cba3f0, 4;
    %concat/vec4; draw_concat_vec4
    %load/vec4 v0x5638e9cbc8e0_0;
    %addi 1, 0, 32;
    %ix/vec4/s 4;
    %load/vec4a v0x5638e9cba3f0, 4;
    %concat/vec4; draw_concat_vec4
    %ix/getv/s 4, v0x5638e9cbc8e0_0;
    %load/vec4a v0x5638e9cba3f0, 4;
    %concat/vec4; draw_concat_vec4
    %vpi_call 2 97 "$fwrite", v0x5638e9cbcbe0_0, "%u", S<0,vec4,u32> {1 0 0};
    %load/vec4 v0x5638e9cbc8e0_0;
    %addi 4, 0, 32;
    %store/vec4 v0x5638e9cbc8e0_0, 0, 32;
    %jmp T_15.0;
T_15.1 ;
    %vpi_call 2 98 "$fclose", v0x5638e9cbcbe0_0 {0 0 0};
    %delay 100000, 0;
    %vpi_call 2 100 "$finish" {0 0 0};
    %jmp T_15;
    .thread T_15;
# The file index is used to find the file name in the following table.
:file_names 6;
    "N/A";
    "<interactive>";
    "TESTBENCH.v";
    "./BMP_RAM.v";
    "./BMP_ROM.v";
    "./LOAD_BMP.v";
